<?xml version="1.0" encoding="UTF-8"?>
<!-- Generated by org.testng.reporters.JUnitXMLReporter -->
<testsuite ignored="0" hostname="Dheekshu" failures="0" tests="10" name="BestBuy" time="10.229" errors="0" timestamp="2024-03-21T21:47:47 IST">
  <testcase classname="com.test.BestBuy" name="@BeforeMethod launchSite" time="0.035">
    <failure type="java.lang.NoClassDefFoundError" message="org/openqa/selenium/os/ExternalProcess">
      <![CDATA[java.lang.NoClassDefFoundError: org/openqa/selenium/os/ExternalProcess
at org.openqa.selenium.manager.SeleniumManager.runCommand(SeleniumManager.java:129)
at org.openqa.selenium.manager.SeleniumManager.getDriverPath(SeleniumManager.java:303)
at org.openqa.selenium.remote.service.DriverFinder.getPath(DriverFinder.java:22)
at org.openqa.selenium.remote.service.DriverFinder.getPath(DriverFinder.java:13)
at org.openqa.selenium.chrome.ChromeDriver.generateExecutor(ChromeDriver.java:99)
at org.openqa.selenium.chrome.ChromeDriver.<init>(ChromeDriver.java:88)
at org.openqa.selenium.chrome.ChromeDriver.<init>(ChromeDriver.java:83)
at org.openqa.selenium.chrome.ChromeDriver.<init>(ChromeDriver.java:51)
at com.utils.Utility.browserLaunch(Utility.java:48)
at com.test.BestBuy.launchSite(BestBuy.java:24)
at java.base/java.util.ArrayList.forEach(ArrayList.java:1511)
Caused by: java.lang.ClassNotFoundException: org.openqa.selenium.os.ExternalProcess
at java.base/jdk.internal.loader.BuiltinClassLoader.loadClass(BuiltinClassLoader.java:641)
at java.base/jdk.internal.loader.ClassLoaders$AppClassLoader.loadClass(ClassLoaders.java:188)
at java.base/java.lang.ClassLoader.loadClass(ClassLoader.java:520)
... 42 more
... Removed 31 stack frames]]>
    </failure>
  </testcase> <!-- @BeforeMethod launchSite -->
  <testcase classname="com.test.BestBuy" name="@AfterMethod closeSite" time="0.0">
    <skipped/>
  </testcase> <!-- @AfterMethod closeSite -->
  <testcase classname="com.test.BestBuy" name="@BeforeMethod launchSite" time="0.0">
    <skipped/>
  </testcase> <!-- @BeforeMethod launchSite -->
  <testcase classname="com.test.BestBuy" name="@AfterMethod closeSite" time="0.0">
    <skipped/>
  </testcase> <!-- @AfterMethod closeSite -->
  <testcase classname="com.test.BestBuy" name="@BeforeMethod launchSite" time="0.0">
    <skipped/>
  </testcase> <!-- @BeforeMethod launchSite -->
  <testcase classname="com.test.BestBuy" name="@AfterMethod closeSite" time="0.0">
    <skipped/>
  </testcase> <!-- @AfterMethod closeSite -->
  <testcase classname="com.test.BestBuy" name="@BeforeMethod launchSite" time="0.0">
    <skipped/>
  </testcase> <!-- @BeforeMethod launchSite -->
  <testcase classname="com.test.BestBuy" name="@AfterMethod closeSite" time="0.0">
    <skipped/>
  </testcase> <!-- @AfterMethod closeSite -->
  <testcase classname="com.test.BestBuy" name="@BeforeMethod launchSite" time="0.0">
    <skipped/>
  </testcase> <!-- @BeforeMethod launchSite -->
  <testcase classname="com.test.BestBuy" name="@AfterMethod closeSite" time="0.0">
    <skipped/>
  </testcase> <!-- @AfterMethod closeSite -->
  <testcase classname="com.test.BestBuy" name="@BeforeMethod launchSite" time="0.0">
    <skipped/>
  </testcase> <!-- @BeforeMethod launchSite -->
  <testcase classname="com.test.BestBuy" name="@AfterMethod closeSite" time="0.0">
    <skipped/>
  </testcase> <!-- @AfterMethod closeSite -->
  <testcase classname="com.test.BestBuy" name="@BeforeMethod launchSite" time="0.0">
    <skipped/>
  </testcase> <!-- @BeforeMethod launchSite -->
  <testcase classname="com.test.BestBuy" name="@AfterMethod closeSite" time="0.0">
    <skipped/>
  </testcase> <!-- @AfterMethod closeSite -->
  <testcase classname="com.test.BestBuy" name="@BeforeMethod launchSite" time="0.0">
    <skipped/>
  </testcase> <!-- @BeforeMethod launchSite -->
  <testcase classname="com.test.BestBuy" name="@AfterMethod closeSite" time="0.0">
    <skipped/>
  </testcase> <!-- @AfterMethod closeSite -->
  <testcase classname="com.test.BestBuy" name="@BeforeMethod launchSite" time="0.0">
    <skipped/>
  </testcase> <!-- @BeforeMethod launchSite -->
  <testcase classname="com.test.BestBuy" name="@AfterMethod closeSite" time="0.0">
    <skipped/>
  </testcase> <!-- @AfterMethod closeSite -->
  <testcase classname="com.test.BestBuy" name="@BeforeMethod launchSite" time="0.0">
    <skipped/>
  </testcase> <!-- @BeforeMethod launchSite -->
  <testcase classname="com.test.BestBuy" name="@AfterMethod closeSite" time="0.0">
    <skipped/>
  </testcase> <!-- @AfterMethod closeSite -->
  <testcase classname="com.test.BestBuy" name="login_InvalidEmail_TC01" time="0.0">
    <skipped/>
  </testcase> <!-- login_InvalidEmail_TC01 -->
  <testcase classname="com.test.BestBuy" name="signUp_MandatoryCheck_TC02" time="0.0">
    <skipped/>
  </testcase> <!-- signUp_MandatoryCheck_TC02 -->
  <testcase classname="com.test.BestBuy" name="login_MandPassword_TC03" time="0.0">
    <skipped/>
  </testcase> <!-- login_MandPassword_TC03 -->
  <testcase classname="com.test.BestBuy" name="signUp_TC04" time="0.0">
    <skipped/>
  </testcase> <!-- signUp_TC04 -->
  <testcase classname="com.test.BestBuy" name="signIn_TC05" time="0.0">
    <skipped/>
  </testcase> <!-- signIn_TC05 -->
  <testcase classname="com.test.BestBuy" name="allMenuValidation_TC06" time="0.0">
    <skipped/>
  </testcase> <!-- allMenuValidation_TC06 -->
  <testcase classname="com.test.BestBuy" name="bottomLinksValidation_TC07" time="0.0">
    <skipped/>
  </testcase> <!-- bottomLinksValidation_TC07 -->
  <testcase classname="com.test.BestBuy" name="search_AddItem_Cart_TC08" time="0.0">
    <skipped/>
  </testcase> <!-- search_AddItem_Cart_TC08 -->
  <testcase classname="com.test.BestBuy" name="shopDept_AddItem_Cart_TC09" time="0.0">
    <skipped/>
  </testcase> <!-- shopDept_AddItem_Cart_TC09 -->
  <testcase classname="com.test.BestBuy" name="shopBrand_AddItem_Cart_TC10" time="0.0">
    <skipped/>
  </testcase> <!-- shopBrand_AddItem_Cart_TC10 -->
</testsuite> <!-- BestBuy -->
